<?xml version="1.0" encoding="UTF-8"?>
<!-- Generated by org.testng.reporters.JUnitReportReporter -->
<testsuite hostname="ATMECSINLT-085" failures="0" tests="3" name="com.atmecs.sample.testscripts.TestNGMethod" time="218.554" errors="0" timestamp="04 Nov 2019 16:38:05 GMT" skipped="0">
  <testcase classname="com.atmecs.sample.testscripts.TestNGMethod" name="XmlSuiteRunner" time="108.453"/>
  <testcase classname="com.atmecs.sample.testscripts.TestNGMethod" name="XmlSuiteRunner" time="73.487"/>
  <testcase classname="com.atmecs.sample.testscripts.TestNGMethod" name="XmlSuiteRunner" time="36.614"/>
</testsuite> <!-- com.atmecs.sample.testscripts.TestNGMethod -->
