<?xml version="1.0" encoding="UTF-8"?>
<!-- Generated by org.testng.reporters.JUnitReportReporter -->
<testsuite hostname="ATMECSINLT-085" failures="0" tests="1" name="com.atmecs.sample.testscripts.TestNGMethod" time="30.460" errors="0" timestamp="01 Nov 2019 05:11:09 GMT" skipped="0">
  <testcase classname="com.atmecs.sample.testscripts.TestNGMethod" name="xmlsuite" time="30.460"/>
</testsuite> <!-- com.atmecs.sample.testscripts.TestNGMethod -->
